### ISSUE TITLE
SEGFAULT running typescript project

### ISSUE THREAD

**Issue by ii64** [oven-sh/bun#5119]
### What version of Bun is running?

1.0.0+822a00c4d508b54f650933a73ca5f4a3af9a7983

### What platform is your computer?

Linux 5.15.0-83-generic x86_64 x86_64

### What steps can reproduce the bug?

1. Clean copy of the project
2. Execute `bun install`.
3. Running our existing TypeScript project using `bun run src/main.ts`.

### What is the expected behavior?

Running normally, No SEGFAULT.

### What do you see instead?

SEGFAULT error message: "Segmentation Fault (core dumped)".

![image](https://github.com/oven-sh/bun/assets/26342994/ca6bd377-4b79-40b5-ba28-6ccea69142bf)

### Additional information

It would be very helpful if there is a release with debuginfo provided so people that want to try and encountered a SEGFAULT could just open gdb and see where the issue comes from.

Regs
```
$rax   : 0xfffffffffde51b6d
$rbx   : 0x24db6a5
$rcx   : 0x5
$rdx   : 0x0
$rsp   : 0x00007ffffffdaf90  →  0x000005d3ae010000  →  0xfffdfffdfffdfffd
$rbp   : 0xffffffffffffffff
$rsi   : 0x000005d39e3ffffd  →  0x0000000000000000
$rdi   : 0x21ae6f9
$rip   : 0x0000555558927470  →   mov eax, DWORD PTR [r13+0x0]
$r8    : 0x0
$r9    : 0x000005d39e3ffffd  →  0x0000000000000000
$r10   : 0x000005d3ae010000  →  0xfffdfffdfffdfffd
$r11   : 0x0
$r12   : 0x24db6a5
$r13   : 0x000005d39e3ffffd  →  0x0000000000000000
$r14   : 0x21ae6f9
$r15   : 0x0
$eflags: [zero carry PARITY adjust SIGN trap INTERRUPT direction overflow RESUME virtualx86 identification]
$cs: 0x33 $ss: 0x2b $ds: 0x00 $es: 0x00 $fs: 0x00 $gs: 0x00
```

Threads PC
```
[#0] Id 1, Name: "bun", stopped 0x555558927470 in ?? (), reason: SIGSEGV
[#1] Id 2, Name: "bun", stopped 0x7ffff7d24197 in __futex_abstimed_wait_common64 (), reason: SIGSEGV
[#2] Id 3, Name: "HeapHelper", stopped 0x7ffff7d24197 in __futex_abstimed_wait_common64 (), reason: SIGSEGV
[#3] Id 4, Name: "HeapHelper", stopped 0x7ffff7d24197 in __futex_abstimed_wait_common64 (), reason: SIGSEGV
[#4] Id 5, Name: "Bun Pool", stopped 0x5555586c7d3b in ?? (), reason: SIGSEGV
[#5] Id 6, Name: "Bun Pool", stopped 0x5555586c7d3b in ?? (), reason: SIGSEGV
[#6] Id 7, Name: "Bun Pool", stopped 0x5555586c7d3b in ?? (), reason: SIGSEGV
[#7] Id 8, Name: "JITWorker", stopped 0x7ffff7d24197 in __futex_abstimed_wait_common64 (), reason: SIGSEGV
[#8] Id 9, Name: "JITWorker", stopped 0x7ffff7d24197 in __futex_abstimed_wait_common64 (), reason: SIGSEGV
[#9] Id 10, Name: "CryptoQueue", stopped 0x7ffff7d24197 in __futex_abstimed_wait_common64 (), reason: SIGSEGV
```

Screenshot
![image](https://github.com/oven-sh/bun/assets/26342994/d0407226-679d-4e0c-8fc0-a6342f0c0fa9)

**Comment by psy0rz** [comment]
do you happen to use freetype2? See #5672

**Comment by ii64** [comment]
No. I am still waiting for Bun debug to be released together as Build Artifact, as I failed to compile Bun locally using their Docker builder.

**Comment by Electroid** [comment]
Are you able to provide some code, otherwise it will be challenging to track down where this came from.

**Comment by ii64** [comment]
Can you provide Bun with debuginfo and I'll try to get back to you. There is no chance I could provide the code since I am not really sure which part of the code triggering the SEGFAULT.

**Comment by Jarred-Sumner** [comment]
If you're still running into this crash, please leave a comment with a crash report and/or code snippet that can help us reproduce
